[0.76574624, 0.9146031 , 0.5098975 , 0.10878757, 0.00316202, 0.5034143 , 0.9158743 , 0.30252334, 0.39302182, 0.0785126 ],
[0.25507864, 0.8005278 , 0.49603227, 0.05701298, 0.1467335 , 0.56484044, 0.77236736, 0.5337204 , 0.04842442, 0.2675641 ],
[0.7475223 , 0.20616464, 0.9329684 , 0.68139833, 0.642625  , 0.7327635 , 0.7118191 , 0.55692405, 0.75979877, 0.8546106 ],
[0.7437619 , 0.86911255, 0.27630785, 0.5607986 , 0.51817524, 0.27011326, 0.11659509, 0.32147658, 0.6668962 , 0.61389196],
[0.572486  , 0.57969606, 0.84274787, 0.54757214, 0.3936438 , 0.7815277 , 0.3432214 , 0.6653387 , 0.4576861 , 0.4804569 ],
[0.5727644 , 0.7522941 , 0.93673223, 0.13341907, 0.1006421 , 0.25932643, 0.37494344, 0.18571773, 0.67557955, 0.6882041 ],
[0.41323298, 0.51404005, 0.7620847 , 0.84391844, 0.21296425, 0.7715547 , 0.46269038, 0.6165739 , 0.4251844 , 0.4703508 ],
[0.9052452 , 0.0834268 , 0.944757  , 0.13788694, 0.90533197, 0.69867784, 0.29587865, 0.3544254 , 0.76798236, 0.71420133],
[0.86994827, 0.10022985, 0.16996111, 0.31360367, 0.19201322, 0.48932663, 0.28288487, 0.30273396, 0.92578477, 0.44813848],
[0.6801714 , 0.7133899 , 0.01685784, 0.73686814, 0.5526722 , 0.92427015, 0.9692387 , 0.2407099 , 0.31953105, 0.1489247 ],
[0.93437856, 0.63727975, 0.4947967 , 0.44653922, 0.39811608, 0.12619044, 0.39509106, 0.6657309 , 0.29644945, 0.5543454 ],
[0.82929003, 0.24451023, 0.20634887, 0.91887265, 0.1931871 , 0.01196631, 0.70244753, 0.16371548, 0.45368043, 0.38985786],
[0.5407166 , 0.07408318, 0.30305865, 0.75700766, 0.8093711 , 0.8466963 , 0.96002465, 0.06934673, 0.2166743 , 0.6243939 ],
[0.25238043, 0.12793285, 0.7658529 , 0.7146795 , 0.19329223, 0.07734615, 0.40924656, 0.17070395, 0.22040425, 0.9806156 ],
[0.56475836, 0.7762504 , 0.42001253, 0.22754002, 0.9314935 , 0.94353485, 0.6639018 , 0.93267053, 0.59261495, 0.11848716],
[0.6458326 , 0.03472717, 0.7196601 , 0.26295462, 0.3793704 , 0.07611101, 0.8418886 , 0.6689124 , 0.2975465 , 0.46806765],
[0.8107258 , 0.64517635, 0.680558  , 0.35072017, 0.71747416, 0.3055646 , 0.25137606, 0.59579885, 0.43823993, 0.13086362],
[0.53278327, 0.9230845 , 0.8560158 , 0.91925126, 0.08785007, 0.18047024, 0.21028301, 0.7079829 , 0.8378025 , 0.46825206],
[0.97383505, 0.10852671, 0.38408285, 0.65580565, 0.05776939, 0.12400994, 0.07295971, 0.6627186 , 0.688928  , 0.22183271],
[0.20824194, 0.9420792 , 0.9383022 , 0.8500311 , 0.20641941, 0.20284721, 0.5537499 , 0.86855733, 0.81909996, 0.392502  ],
[0.23231672, 0.67868876, 0.96091396, 0.46861002, 0.4847364 , 0.71822983, 0.7040416 , 0.9161545 , 0.20469376, 0.8798348 ],
[0.63282514, 0.35918173, 0.5115062 , 0.11054253, 0.94304746, 0.6551911 , 0.7523359 , 0.8264907 , 0.857831  , 0.31323937],
[0.6012945 , 0.1922805 , 0.24481808, 0.31215823, 0.14416118, 0.512945  , 0.6348089 , 0.5776898 , 0.54181343, 0.2135069 ],
[0.31114385, 0.61303526, 0.18997787, 0.72013015, 0.99547845, 0.42238232, 0.06295091, 0.5302624 , 0.9267326 , 0.87878495],
[0.6366382 , 0.50651073, 0.5088105 , 0.17183265, 0.4782126 , 0.7597848 , 0.01217919, 0.14627096, 0.29428253, 0.2961629 ],
[0.97162783, 0.3842363 , 0.27926037, 0.07443801, 0.6655136 , 0.48769593, 0.22333746, 0.60243315, 0.915494  , 0.12558486],

[0.76574624, 0.9146031 , 0.5098975 , 0.10878757, 0.00316202, 0.5034143 , 0.9158743 , 0.30252334, 0.39302182, 0.0785126 ],
[0.76574624, 0.9146031 , 0.5098975 , 0.10878757, 0.00316202, 0.5034143 , 0.9158743 , 0.30252334, 0.39302182, 0.0785126 ],
[0.76574624, 0.9146031 , 0.5098975 , 0.10878757, 0.00316202, 0.5034143 , 0.9158743 , 0.30252334, 0.39302182, 0.0785126 ],
[0.76574624, 0.9146031 , 0.5098975 , 0.10878757, 0.00316202, 0.5034143 , 0.9158743 , 0.30252334, 0.39302182, 0.0785126 ],
[0.76574624, 0.9146031 , 0.5098975 , 0.10878757, 0.00316202, 0.5034143 , 0.9158743 , 0.30252334, 0.39302182, 0.0785126 ],
[0.76574624, 0.9146031 , 0.5098975 , 0.10878757, 0.00316202, 0.5034143 , 0.9158743 , 0.30252334, 0.39302182, 0.0785126 ],
[0.76574624, 0.9146031 , 0.5098975 , 0.10878757, 0.00316202, 0.5034143 , 0.9158743 , 0.30252334, 0.39302182, 0.0785126 ],
[0.76574624, 0.9146031 , 0.5098975 , 0.10878757, 0.00316202, 0.5034143 , 0.9158743 , 0.30252334, 0.39302182, 0.0785126 ],
[0.76574624, 0.9146031 , 0.5098975 , 0.10878757, 0.00316202, 0.5034143 , 0.9158743 , 0.30252334, 0.39302182, 0.0785126 ],
[0.76574624, 0.9146031 , 0.5098975 , 0.10878757, 0.00316202, 0.5034143 , 0.9158743 , 0.30252334, 0.39302182, 0.0785126 ]


[0.76574624, 0.76574624, 0.76574624, 0.76574624, 0.76574624, 0.76574624, 0.76574624, 0.76574624, 0.76574624, 0.76574624],
[0.9146031 , 0.9146031 , 0.9146031 , 0.9146031 , 0.9146031 , 0.9146031 , 0.9146031 , 0.9146031 , 0.9146031 , 0.9146031 ],
[0.5098975 , 0.5098975 , 0.5098975 , 0.5098975 , 0.5098975 , 0.5098975 , 0.5098975 , 0.5098975 , 0.5098975 , 0.5098975 ],
[0.10878757, 0.10878757, 0.10878757, 0.10878757, 0.10878757, 0.10878757, 0.10878757, 0.10878757, 0.10878757, 0.10878757],
[0.00316202, 0.00316202, 0.00316202, 0.00316202, 0.00316202, 0.00316202, 0.00316202, 0.00316202, 0.00316202, 0.00316202],
[0.5034143 , 0.5034143 , 0.5034143 , 0.5034143 , 0.5034143 , 0.5034143 , 0.5034143 , 0.5034143 , 0.5034143 , 0.5034143 ],
[0.9158743 , 0.9158743 , 0.9158743 , 0.9158743 , 0.9158743 , 0.9158743 , 0.9158743 , 0.9158743 , 0.9158743 , 0.9158743 ],
[0.30252334, 0.30252334, 0.30252334, 0.30252334, 0.30252334, 0.30252334, 0.30252334, 0.30252334, 0.30252334, 0.30252334],
[0.39302182, 0.39302182, 0.39302182, 0.39302182, 0.39302182, 0.39302182, 0.39302182, 0.39302182, 0.39302182, 0.39302182],
[0.0785126 , 0.0785126 , 0.0785126 , 0.0785126 , 0.0785126 , 0.0785126 , 0.0785126 , 0.0785126 , 0.0785126 , 0.0785126 ],


[0.76574624, 0.8401747 , 0.63782185, 0.43726692, 0.38445413, 0.63458025, 0.8408103 , 0.5341348 , 0.579384  , 0.42212942],
[0.8401747 , 0.9146031 , 0.7122503 , 0.5116953 , 0.45888257, 0.7090087 , 0.91523874, 0.60856324, 0.65381247, 0.49655786],
[0.63782185, 0.7122503 , 0.5098975 , 0.30934253, 0.25652975, 0.5066559 , 0.71288586, 0.40621042, 0.45145965, 0.29420504],
[0.43726692, 0.5116953 , 0.30934253, 0.10878757, 0.0559748 , 0.30610093, 0.51233095, 0.20565546, 0.2509047 , 0.09365009],
[0.38445413, 0.45888257, 0.25652975, 0.0559748 , 0.00316202, 0.25328815, 0.45951816, 0.15284269, 0.19809192, 0.04083731],
[0.63458025, 0.7090087 , 0.5066559 , 0.30610093, 0.25328815, 0.5034143 , 0.7096443 , 0.40296882, 0.44821805, 0.29096344],
[0.8408103 , 0.91523874, 0.71288586, 0.51233095, 0.45951816, 0.7096443 , 0.9158743 , 0.6091988 , 0.65444803, 0.49719346],
[0.5341348 , 0.60856324, 0.40621042, 0.20565546, 0.15284269, 0.40296882, 0.6091988 , 0.30252334, 0.3477726 , 0.19051798],
[0.579384  , 0.65381247, 0.45145965, 0.2509047 , 0.19809192, 0.44821805, 0.65444803, 0.3477726 , 0.39302182, 0.23576722],
[0.42212942, 0.49655786, 0.29420504, 0.09365009, 0.04083731, 0.29096344, 0.49719346, 0.19051798, 0.23576722, 0.0785126 ]],


[0.76574624, 0.25507864, 0.7475223 , 0.7437619 , 0.572486  , 0.5727644 , 0.41323298, 0.9052452 , 0.86994827, 0.6801714 , 0.93437856, 0.82929003, 0.5407166 , 0.25238043, 0.56475836, 0.6458326 , 0.8107258 , 0.53278327, 0.97383505, 0.20824194, 0.23231672, 0.63282514, 0.6012945 , 0.31114385, 0.6366382 , 0.97162783],
[0.9146031 , 0.8005278 , 0.20616464, 0.86911255, 0.57969606, 0.7522941 , 0.51404005, 0.0834268 , 0.10022985, 0.7133899 , 0.63727975, 0.24451023, 0.07408318, 0.12793285, 0.7762504 , 0.03472717, 0.64517635, 0.9230845 , 0.10852671, 0.9420792 , 0.67868876, 0.35918173, 0.1922805 , 0.61303526, 0.50651073, 0.3842363 ],
[0.5098975 , 0.49603227, 0.9329684 , 0.27630785, 0.84274787, 0.93673223, 0.7620847 , 0.944757  , 0.16996111, 0.01685784, 0.4947967 , 0.20634887, 0.30305865, 0.7658529 , 0.42001253, 0.7196601 , 0.680558  , 0.8560158 , 0.38408285, 0.9383022 , 0.96091396, 0.5115062 , 0.24481808, 0.18997787, 0.5088105 , 0.27926037],
[0.10878757, 0.05701298, 0.68139833, 0.5607986 , 0.54757214, 0.13341907, 0.84391844, 0.13788694, 0.31360367, 0.73686814, 0.44653922, 0.91887265, 0.75700766, 0.7146795 , 0.22754002, 0.26295462, 0.35072017, 0.91925126, 0.65580565, 0.8500311 , 0.46861002, 0.11054253, 0.31215823, 0.72013015, 0.17183265, 0.07443801],
[0.00316202, 0.1467335 , 0.642625  , 0.51817524, 0.3936438 , 0.1006421 , 0.21296425, 0.90533197, 0.19201322, 0.5526722 , 0.39811608, 0.1931871 , 0.8093711 , 0.19329223, 0.9314935 , 0.3793704 , 0.71747416, 0.08785007, 0.05776939, 0.20641941, 0.4847364 , 0.94304746, 0.14416118, 0.99547845, 0.4782126 , 0.6655136 ],
[0.5034143 , 0.56484044, 0.7327635 , 0.27011326, 0.7815277 , 0.25932643, 0.7715547 , 0.69867784, 0.48932663, 0.92427015, 0.12619044, 0.01196631, 0.8466963 , 0.07734615, 0.94353485, 0.07611101, 0.3055646 , 0.18047024, 0.12400994, 0.20284721, 0.71822983, 0.6551911 , 0.512945  , 0.42238232, 0.7597848 , 0.48769593],
[0.9158743 , 0.77236736, 0.7118191 , 0.11659509, 0.3432214 , 0.37494344, 0.46269038, 0.29587865, 0.28288487, 0.9692387 , 0.39509106, 0.70244753, 0.96002465, 0.40924656, 0.6639018 , 0.8418886 , 0.25137606, 0.21028301, 0.07295971, 0.5537499 , 0.7040416 , 0.7523359 , 0.6348089 , 0.06295091, 0.01217919, 0.22333746],
[0.30252334, 0.5337204 , 0.55692405, 0.32147658, 0.6653387 , 0.18571773, 0.6165739 , 0.3544254 , 0.30273396, 0.2407099 , 0.6657309 , 0.16371548, 0.06934673, 0.17070395, 0.93267053, 0.6689124 , 0.59579885, 0.7079829 , 0.6627186 , 0.86855733, 0.9161545 , 0.8264907 , 0.5776898 , 0.5302624 , 0.14627096, 0.60243315],
[0.39302182, 0.04842442, 0.75979877, 0.6668962 , 0.4576861 , 0.67557955, 0.4251844 , 0.76798236, 0.92578477, 0.31953105, 0.29644945, 0.45368043, 0.2166743 , 0.22040425, 0.59261495, 0.2975465 , 0.43823993, 0.8378025 , 0.688928  , 0.81909996, 0.20469376, 0.857831  , 0.54181343, 0.9267326 , 0.29428253, 0.915494  ],
[0.0785126 , 0.2675641 , 0.8546106 , 0.61389196, 0.4804569 , 0.6882041 , 0.4703508 , 0.71420133, 0.44813848, 0.1489247 , 0.5543454 , 0.38985786, 0.6243939 , 0.9806156 , 0.11848716, 0.46806765, 0.13086362, 0.46825206, 0.22183271, 0.392502  , 0.8798348 , 0.31323937, 0.2135069 , 0.87878495, 0.2961629 , 0.12558486]

[[[0., 0.],[0., 0.]],
 [[2., 2.],[2., 2.]]]


/mnt/data/zhiye/Python/DNCON4/architecture/CNN_arch//lib/Model_construct.py:257: UserWarning: Update your `BatchNormalization` call to the Keras 2 API: `BatchNormalization(axis=2)`
  DNCON4_1D_conv = BatchNormalization(mode=0, axis=2)(DNCON4_1D_conv)
/mnt/data/zhiye/Python/DNCON4/architecture/CNN_arch//lib/Model_construct.py:52: UserWarning: Update your `Conv1D` call to the Keras 2 API: `Conv1D(activation="relu", filters=5, kernel_size=6, strides=1, padding="same", kernel_initializer="he_normal", use_bias=True)`
  init="he_normal", activation='relu', border_mode="same")(input)
/mnt/data/zhiye/Python/DNCON4/architecture/CNN_arch//lib/Model_construct.py:54: UserWarning: Update your `BatchNormalization` call to the Keras 2 API: `BatchNormalization(axis=2)`
  norm = BatchNormalization(mode=0, axis=2)(conv)
5
/mnt/data/zhiye/Python/DNCON4/architecture/CNN_arch//lib/Model_construct.py:283: UserWarning: The `merge` function is deprecated and will be removed after 08/2017. Use instead layers from `keras.layers.merge`, e.g. `add`, `concatenate`, etc.
  DNCON4_2D_input = merge([DNCON4_genP,contact_input], mode='concat', concat_axis=-1)
/home/zhiye/.virtualenvs/python3.6/lib/python3.6/site-packages/keras/legacy/layers.py:465: UserWarning: The `Merge` layer is deprecated and will be removed after 08/2017. Use instead layers from `keras.layers.merge`, e.g. `add`, `concatenate`, etc.
  name=name)
/mnt/data/zhiye/Python/DNCON4/architecture/CNN_arch//lib/Model_construct.py:288: UserWarning: Update your `BatchNormalization` call to the Keras 2 API: `BatchNormalization(axis=2)`
  DNCON4_2D_conv = BatchNormalization(mode=0, axis=2)(DNCON4_2D_conv)
/mnt/data/zhiye/Python/DNCON4/architecture/CNN_arch//lib/Model_construct.py:70: UserWarning: Update your `Conv2D` call to the Keras 2 API: `Conv2D(kernel_size=(6, 6), filters=5, strides=(1, 1), padding="same", data_format="channels_last", kernel_initializer="he_normal")`
  init="he_normal", border_mode="same",dim_ordering="tf")(input)
/mnt/data/zhiye/Python/DNCON4/architecture/CNN_arch//lib/Model_construct.py:71: UserWarning: Update your `BatchNormalization` call to the Keras 2 API: `BatchNormalization(axis=1)`
  norm = BatchNormalization(mode=0, axis=1)(conv)
2018-10-26 16:52:32.145215: I tensorflow/core/platform/cpu_feature_guard.cc:137] Your CPU supports instructions that this TensorFlow binary was not compiled to use: SSE4.1 SSE4.2 AVX AVX2 FMA
2018-10-26 16:52:32.209885: I tensorflow/stream_executor/cuda/cuda_gpu_executor.cc:895] successful NUMA node read from SysFS had negative value (-1), but there must be at least one NUMA node, so returning NUMA node zero
2018-10-26 16:52:32.210262: I tensorflow/core/common_runtime/gpu/gpu_device.cc:1105] Found device 0 with properties: 
name: GeForce GTX 1060 6GB major: 6 minor: 1 memoryClockRate(GHz): 1.7085
pciBusID: 0000:01:00.0
totalMemory: 5.93GiB freeMemory: 4.78GiB
2018-10-26 16:52:32.210275: I tensorflow/core/common_runtime/gpu/gpu_device.cc:1195] Creating TensorFlow device (/device:GPU:0) -> (device: 0, name: GeForce GTX 1060 6GB, pci bus id: 0000:01:00.0, compute capability: 6.1)
/mnt/data/zhiye/Python/DNCON4/architecture/CNN_arch//lib/Model_construct.py:90: UserWarning: Update your `Conv2D` call to the Keras 2 API: `Conv2D(kernel_size=(6, 6), filters=1, strides=(1, 1), padding="same", data_format="channels_last", kernel_initializer="he_normal")`
  init="he_normal", border_mode="same",dim_ordering="tf")(input)
/mnt/data/zhiye/Python/DNCON4/architecture/CNN_arch//lib/Model_construct.py:91: UserWarning: Update your `BatchNormalization` call to the Keras 2 API: `BatchNormalization(axis=1)`
  norm = BatchNormalization(mode=0, axis=1)(conv)
/mnt/data/zhiye/Python/DNCON4/architecture/CNN_arch//lib/Model_construct.py:303: UserWarning: Update your `Model` call to the Keras 2 API: `Model(inputs=[<tf.Tenso..., outputs=Tensor("fl...)`
  DNCON4_CNN = Model(input=[DNCON4_1D_input,contact_input], output=DNCON4_flatten)
Train 1D shape:  (2, 60, 22)  in outside epoch  1
Train 2D shape:  (2, 60, 60, 18)  in outside epoch  1
Test 1D shape:  (2, 60, 22)  in outside epoch  1
Test 2D shape:  (2, 60, 60, 18)  in outside epoch  1
######## Setting initial model based on length  60
The train label size:  (7, 3600)
The train label size:  (7, 60, 22)
The train label size:  (7, 60, 60, 18)
The expanded train label size:  (10, 3600)
The expanded train 1D fea size:  (10, 60, 22)
The expanded train 2D fea size:  (10, 60, 60, 18)
Setting hidden models as  sigmoid
5
test_network.py:235: UserWarning: The `nb_epoch` argument in `fit` has been renamed `epochs`.
  DNCON4_CNN.fit([train_1D_fea_all_array_new,train_2D_fea_all_array_new], train_label_all_array_new, batch_size= batch_size_train_new, nb_epoch=epoch_inside, verbose=1)
