/scratch/jh7x3/DNCON4
Linux-3.10.0-957.5.1.el7.x86_64-x86_64-with-centos-7.6.1810-Core
/scratch/jh7x3/DNCON4/jie_development_packages/DNCON4_Distance_experiment//lib/
######### Loading data
	2019-03-03 00:05:21.326984: I tensorflow/core/platform/cpu_feature_guard.cc:141] Your CPU supports instructions that this TensorFlow binary was not compiled to use: AVX2 AVX512F FMA
2019-03-03 00:05:21.799471: I tensorflow/core/common_runtime/gpu/gpu_device.cc:1392] Found device 0 with properties: 
name: Tesla V100-PCIE-32GB major: 7 minor: 0 memoryClockRate(GHz): 1.38
pciBusID: 0000:af:00.0
totalMemory: 31.72GiB freeMemory: 31.31GiB
2019-03-03 00:05:21.799576: I tensorflow/core/common_runtime/gpu/gpu_device.cc:1471] Adding visible gpu devices: 0
2019-03-03 00:05:22.263137: I tensorflow/core/common_runtime/gpu/gpu_device.cc:952] Device interconnect StreamExecutor with strength 1 edge matrix:
2019-03-03 00:05:22.263249: I tensorflow/core/common_runtime/gpu/gpu_device.cc:958]      0 
2019-03-03 00:05:22.263268: I tensorflow/core/common_runtime/gpu/gpu_device.cc:971] 0:   N 
2019-03-03 00:05:22.263891: I tensorflow/core/common_runtime/gpu/gpu_device.cc:1084] Created TensorFlow device (/job:localhost/replica:0/task:0/device:GPU:0 with 30384 MB memory) -> physical GPU (device: 0, name: Tesla V100-PCIE-32GB, pci bus id: 0000:af:00.0, compute capability: 7.0)
3CRY-A ..
######################################
佛祖保佑，永不迨机，永无bug，精度九十九
######################################

Load feature number 441
__________________________________________________________________________________________________
Layer (type)                    Output Shape         Param #     Connected to                     
==================================================================================================
input_1 (InputLayer)            (None, None, None, 4 0                                            
__________________________________________________________________________________________________
dense_1 (Dense)                 (None, None, None, 6 28288       input_1[0][0]                    
__________________________________________________________________________________________________
conv2d_1 (Conv2D)               (None, None, None, 4 260         dense_1[0][0]                    
__________________________________________________________________________________________________
conv2d_2 (Conv2D)               (None, None, None, 4 260         dense_1[0][0]                    
__________________________________________________________________________________________________
activation_1 (Activation)       (None, None, None, 4 0           conv2d_1[0][0]                   
__________________________________________________________________________________________________
activation_2 (Activation)       (None, None, None, 4 0           conv2d_2[0][0]                   
__________________________________________________________________________________________________
conv2d_3 (Conv2D)               (None, None, None, 4 260         dense_1[0][0]                    
__________________________________________________________________________________________________
lambda_1 (Lambda)               (None, None, None, 1 0           activation_1[0][0]               
__________________________________________________________________________________________________
lambda_2 (Lambda)               (None, None, None, 1 0           activation_2[0][0]               
__________________________________________________________________________________________________
activation_3 (Activation)       (None, None, None, 4 0           conv2d_3[0][0]                   
__________________________________________________________________________________________________
conv2d_4 (Conv2D)               (None, None, None, 4 260         dense_1[0][0]                    
__________________________________________________________________________________________________
concatenate_1 (Concatenate)     (None, None, None, 2 0           lambda_1[0][0]                   
                                                                 lambda_2[0][0]                   
__________________________________________________________________________________________________
lambda_3 (Lambda)               (None, None, None, 1 0           activation_3[0][0]               
__________________________________________________________________________________________________
activation_4 (Activation)       (None, None, None, 4 0           conv2d_4[0][0]                   
__________________________________________________________________________________________________
conv2d_5 (Conv2D)               (None, None, None, 4 260         dense_1[0][0]                    
__________________________________________________________________________________________________
concatenate_2 (Concatenate)     (None, None, None, 3 0           concatenate_1[0][0]              
                                                                 lambda_3[0][0]                   
__________________________________________________________________________________________________
lambda_4 (Lambda)               (None, None, None, 1 0           activation_4[0][0]               
__________________________________________________________________________________________________
activation_5 (Activation)       (None, None, None, 4 0           conv2d_5[0][0]                   
__________________________________________________________________________________________________
conv2d_6 (Conv2D)               (None, None, None, 4 260         dense_1[0][0]                    
__________________________________________________________________________________________________
concatenate_3 (Concatenate)     (None, None, None, 4 0           concatenate_2[0][0]              
                                                                 lambda_4[0][0]                   
__________________________________________________________________________________________________
lambda_5 (Lambda)               (None, None, None, 1 0           activation_5[0][0]               
__________________________________________________________________________________________________
activation_6 (Activation)       (None, None, None, 4 0           conv2d_6[0][0]                   
__________________________________________________________________________________________________
conv2d_7 (Conv2D)               (None, None, None, 4 260         dense_1[0][0]                    
__________________________________________________________________________________________________
concatenate_4 (Concatenate)     (None, None, None, 5 0           concatenate_3[0][0]              
                                                                 lambda_5[0][0]                   
__________________________________________________________________________________________________
lambda_6 (Lambda)               (None, None, None, 1 0           activation_6[0][0]               
__________________________________________________________________________________________________
activation_7 (Activation)       (None, None, None, 4 0           conv2d_7[0][0]                   
__________________________________________________________________________________________________
conv2d_8 (Conv2D)               (None, None, None, 4 260         dense_1[0][0]                    
__________________________________________________________________________________________________
concatenate_5 (Concatenate)     (None, None, None, 6 0           concatenate_4[0][0]              
                                                                 lambda_6[0][0]                   
__________________________________________________________________________________________________
lambda_7 (Lambda)               (None, None, None, 1 0           activation_7[0][0]               
__________________________________________________________________________________________________
activation_8 (Activation)       (None, None, None, 4 0           conv2d_8[0][0]                   
__________________________________________________________________________________________________
conv2d_9 (Conv2D)               (None, None, None, 4 260         dense_1[0][0]                    
__________________________________________________________________________________________________
concatenate_6 (Concatenate)     (None, None, None, 7 0           concatenate_5[0][0]              
                                                                 lambda_7[0][0]                   
__________________________________________________________________________________________________
lambda_8 (Lambda)               (None, None, None, 1 0           activation_8[0][0]               
__________________________________________________________________________________________________
activation_9 (Activation)       (None, None, None, 4 0           conv2d_9[0][0]                   
__________________________________________________________________________________________________
conv2d_10 (Conv2D)              (None, None, None, 4 260         dense_1[0][0]                    
__________________________________________________________________________________________________
concatenate_7 (Concatenate)     (None, None, None, 8 0           concatenate_6[0][0]              
                                                                 lambda_8[0][0]                   
__________________________________________________________________________________________________
lambda_9 (Lambda)               (None, None, None, 1 0           activation_9[0][0]               
__________________________________________________________________________________________________
activation_10 (Activation)      (None, None, None, 4 0           conv2d_10[0][0]                  
__________________________________________________________________________________________________
conv2d_11 (Conv2D)              (None, None, None, 4 260         dense_1[0][0]                    
__________________________________________________________________________________________________
concatenate_8 (Concatenate)     (None, None, None, 9 0           concatenate_7[0][0]              
                                                                 lambda_9[0][0]                   
__________________________________________________________________________________________________
lambda_10 (Lambda)              (None, None, None, 1 0           activation_10[0][0]              
__________________________________________________________________________________________________
activation_11 (Activation)      (None, None, None, 4 0           conv2d_11[0][0]                  
__________________________________________________________________________________________________
conv2d_12 (Conv2D)              (None, None, None, 4 260         dense_1[0][0]                    
__________________________________________________________________________________________________
concatenate_9 (Concatenate)     (None, None, None, 1 0           concatenate_8[0][0]              
                                                                 lambda_10[0][0]                  
__________________________________________________________________________________________________
lambda_11 (Lambda)              (None, None, None, 1 0           activation_11[0][0]              
__________________________________________________________________________________________________
activation_12 (Activation)      (None, None, None, 4 0           conv2d_12[0][0]                  
__________________________________________________________________________________________________
conv2d_13 (Conv2D)              (None, None, None, 4 260         dense_1[0][0]                    
__________________________________________________________________________________________________
concatenate_10 (Concatenate)    (None, None, None, 1 0           concatenate_9[0][0]              
                                                                 lambda_11[0][0]                  
__________________________________________________________________________________________________
lambda_12 (Lambda)              (None, None, None, 1 0           activation_12[0][0]              
__________________________________________________________________________________________________
activation_13 (Activation)      (None, None, None, 4 0           conv2d_13[0][0]                  
__________________________________________________________________________________________________
conv2d_14 (Conv2D)              (None, None, None, 4 260         dense_1[0][0]                    
__________________________________________________________________________________________________
concatenate_11 (Concatenate)    (None, None, None, 1 0           concatenate_10[0][0]             
                                                                 lambda_12[0][0]                  
__________________________________________________________________________________________________
lambda_13 (Lambda)              (None, None, None, 1 0           activation_13[0][0]              
__________________________________________________________________________________________________
activation_14 (Activation)      (None, None, None, 4 0           conv2d_14[0][0]                  
__________________________________________________________________________________________________
conv2d_15 (Conv2D)              (None, None, None, 4 260         dense_1[0][0]                    
__________________________________________________________________________________________________
concatenate_12 (Concatenate)    (None, None, None, 1 0           concatenate_11[0][0]             
                                                                 lambda_13[0][0]                  
__________________________________________________________________________________________________
lambda_14 (Lambda)              (None, None, None, 1 0           activation_14[0][0]              
__________________________________________________________________________________________________
activation_15 (Activation)      (None, None, None, 4 0           conv2d_15[0][0]                  
__________________________________________________________________________________________________
conv2d_16 (Conv2D)              (None, None, None, 4 260         dense_1[0][0]                    
__________________________________________________________________________________________________
concatenate_13 (Concatenate)    (None, None, None, 1 0           concatenate_12[0][0]             
                                                                 lambda_14[0][0]                  
__________________________________________________________________________________________________
lambda_15 (Lambda)              (None, None, None, 1 0           activation_15[0][0]              
__________________________________________________________________________________________________
activation_16 (Activation)      (None, None, None, 4 0           conv2d_16[0][0]                  
__________________________________________________________________________________________________
conv2d_17 (Conv2D)              (None, None, None, 4 260         dense_1[0][0]                    
__________________________________________________________________________________________________
concatenate_14 (Concatenate)    (None, None, None, 1 0           concatenate_13[0][0]             
                                                                 lambda_15[0][0]                  
__________________________________________________________________________________________________
lambda_16 (Lambda)              (None, None, None, 1 0           activation_16[0][0]              
__________________________________________________________________________________________________
activation_17 (Activation)      (None, None, None, 4 0           conv2d_17[0][0]                  
__________________________________________________________________________________________________
conv2d_18 (Conv2D)              (None, None, None, 4 260         dense_1[0][0]                    
__________________________________________________________________________________________________
concatenate_15 (Concatenate)    (None, None, None, 1 0           concatenate_14[0][0]             
                                                                 lambda_16[0][0]                  
__________________________________________________________________________________________________
lambda_17 (Lambda)              (None, None, None, 1 0           activation_17[0][0]              
__________________________________________________________________________________________________
activation_18 (Activation)      (None, None, None, 4 0           conv2d_18[0][0]                  
__________________________________________________________________________________________________
conv2d_19 (Conv2D)              (None, None, None, 4 260         dense_1[0][0]                    
__________________________________________________________________________________________________
concatenate_16 (Concatenate)    (None, None, None, 1 0           concatenate_15[0][0]             
                                                                 lambda_17[0][0]                  
__________________________________________________________________________________________________
lambda_18 (Lambda)              (None, None, None, 1 0           activation_18[0][0]              
__________________________________________________________________________________________________
activation_19 (Activation)      (None, None, None, 4 0           conv2d_19[0][0]                  
__________________________________________________________________________________________________
conv2d_20 (Conv2D)              (None, None, None, 4 260         dense_1[0][0]                    
__________________________________________________________________________________________________
concatenate_17 (Concatenate)    (None, None, None, 1 0           concatenate_16[0][0]             
                                                                 lambda_18[0][0]                  
__________________________________________________________________________________________________
lambda_19 (Lambda)              (None, None, None, 1 0           activation_19[0][0]              
__________________________________________________________________________________________________
activation_20 (Activation)      (None, None, None, 4 0           conv2d_20[0][0]                  
__________________________________________________________________________________________________
conv2d_21 (Conv2D)              (None, None, None, 4 260         dense_1[0][0]                    
__________________________________________________________________________________________________
concatenate_18 (Concatenate)    (None, None, None, 1 0           concatenate_17[0][0]             
                                                                 lambda_19[0][0]                  
__________________________________________________________________________________________________
lambda_20 (Lambda)              (None, None, None, 1 0           activation_20[0][0]              
__________________________________________________________________________________________________
activation_21 (Activation)      (None, None, None, 4 0           conv2d_21[0][0]                  
__________________________________________________________________________________________________
conv2d_22 (Conv2D)              (None, None, None, 4 260         dense_1[0][0]                    
__________________________________________________________________________________________________
concatenate_19 (Concatenate)    (None, None, None, 2 0           concatenate_18[0][0]             
                                                                 lambda_20[0][0]                  
__________________________________________________________________________________________________
lambda_21 (Lambda)              (None, None, None, 1 0           activation_21[0][0]              
__________________________________________________________________________________________________
activation_22 (Activation)      (None, None, None, 4 0           conv2d_22[0][0]                  
__________________________________________________________________________________________________
conv2d_23 (Conv2D)              (None, None, None, 4 260         dense_1[0][0]                    
__________________________________________________________________________________________________
concatenate_20 (Concatenate)    (None, None, None, 2 0           concatenate_19[0][0]             
                                                                 lambda_21[0][0]                  
__________________________________________________________________________________________________
lambda_22 (Lambda)              (None, None, None, 1 0           activation_22[0][0]              
__________________________________________________________________________________________________
activation_23 (Activation)      (None, None, None, 4 0           conv2d_23[0][0]                  
__________________________________________________________________________________________________
conv2d_24 (Conv2D)              (None, None, None, 4 260         dense_1[0][0]                    
__________________________________________________________________________________________________
concatenate_21 (Concatenate)    (None, None, None, 2 0           concatenate_20[0][0]             
                                                                 lambda_22[0][0]                  
__________________________________________________________________________________________________
lambda_23 (Lambda)              (None, None, None, 1 0           activation_23[0][0]              
__________________________________________________________________________________________________
activation_24 (Activation)      (None, None, None, 4 0           conv2d_24[0][0]                  
__________________________________________________________________________________________________
conv2d_25 (Conv2D)              (None, None, None, 4 260         dense_1[0][0]                    
__________________________________________________________________________________________________
concatenate_22 (Concatenate)    (None, None, None, 2 0           concatenate_21[0][0]             
                                                                 lambda_23[0][0]                  
__________________________________________________________________________________________________
lambda_24 (Lambda)              (None, None, None, 1 0           activation_24[0][0]              
__________________________________________________________________________________________________
activation_25 (Activation)      (None, None, None, 4 0           conv2d_25[0][0]                  
__________________________________________________________________________________________________
conv2d_26 (Conv2D)              (None, None, None, 4 260         dense_1[0][0]                    
__________________________________________________________________________________________________
concatenate_23 (Concatenate)    (None, None, None, 2 0           concatenate_22[0][0]             
                                                                 lambda_24[0][0]                  
__________________________________________________________________________________________________
lambda_25 (Lambda)              (None, None, None, 1 0           activation_25[0][0]              
__________________________________________________________________________________________________
activation_26 (Activation)      (None, None, None, 4 0           conv2d_26[0][0]                  
__________________________________________________________________________________________________
conv2d_27 (Conv2D)              (None, None, None, 4 260         dense_1[0][0]                    
__________________________________________________________________________________________________
concatenate_24 (Concatenate)    (None, None, None, 2 0           concatenate_23[0][0]             
                                                                 lambda_25[0][0]                  
__________________________________________________________________________________________________
lambda_26 (Lambda)              (None, None, None, 1 0           activation_26[0][0]              
__________________________________________________________________________________________________
activation_27 (Activation)      (None, None, None, 4 0           conv2d_27[0][0]                  
__________________________________________________________________________________________________
conv2d_28 (Conv2D)              (None, None, None, 4 260         dense_1[0][0]                    
__________________________________________________________________________________________________
concatenate_25 (Concatenate)    (None, None, None, 2 0           concatenate_24[0][0]             
                                                                 lambda_26[0][0]                  
__________________________________________________________________________________________________
lambda_27 (Lambda)              (None, None, None, 1 0           activation_27[0][0]              
__________________________________________________________________________________________________
activation_28 (Activation)      (None, None, None, 4 0           conv2d_28[0][0]                  
__________________________________________________________________________________________________
conv2d_29 (Conv2D)              (None, None, None, 4 260         dense_1[0][0]                    
__________________________________________________________________________________________________
concatenate_26 (Concatenate)    (None, None, None, 2 0           concatenate_25[0][0]             
                                                                 lambda_27[0][0]                  
__________________________________________________________________________________________________
lambda_28 (Lambda)              (None, None, None, 1 0           activation_28[0][0]              
__________________________________________________________________________________________________
activation_29 (Activation)      (None, None, None, 4 0           conv2d_29[0][0]                  
__________________________________________________________________________________________________
conv2d_30 (Conv2D)              (None, None, None, 4 260         dense_1[0][0]                    
__________________________________________________________________________________________________
concatenate_27 (Concatenate)    (None, None, None, 2 0           concatenate_26[0][0]             
                                                                 lambda_28[0][0]                  
__________________________________________________________________________________________________
lambda_29 (Lambda)              (None, None, None, 1 0           activation_29[0][0]              
__________________________________________________________________________________________________
activation_30 (Activation)      (None, None, None, 4 0           conv2d_30[0][0]                  
__________________________________________________________________________________________________
conv2d_31 (Conv2D)              (None, None, None, 4 260         dense_1[0][0]                    
__________________________________________________________________________________________________
concatenate_28 (Concatenate)    (None, None, None, 2 0           concatenate_27[0][0]             
                                                                 lambda_29[0][0]                  
__________________________________________________________________________________________________
lambda_30 (Lambda)              (None, None, None, 1 0           activation_30[0][0]              
__________________________________________________________________________________________________
activation_31 (Activation)      (None, None, None, 4 0           conv2d_31[0][0]                  
__________________________________________________________________________________________________
conv2d_32 (Conv2D)              (None, None, None, 4 260         dense_1[0][0]                    
__________________________________________________________________________________________________
concatenate_29 (Concatenate)    (None, None, None, 3 0           concatenate_28[0][0]             
                                                                 lambda_30[0][0]                  
__________________________________________________________________________________________________
lambda_31 (Lambda)              (None, None, None, 1 0           activation_31[0][0]              
__________________________________________________________________________________________________
activation_32 (Activation)      (None, None, None, 4 0           conv2d_32[0][0]                  
__________________________________________________________________________________________________
conv2d_33 (Conv2D)              (None, None, None, 4 260         dense_1[0][0]                    
__________________________________________________________________________________________________
concatenate_30 (Concatenate)    (None, None, None, 3 0           concatenate_29[0][0]             
                                                                 lambda_31[0][0]                  
__________________________________________________________________________________________________
lambda_32 (Lambda)              (None, None, None, 1 0           activation_32[0][0]              
__________________________________________________________________________________________________
activation_33 (Activation)      (None, None, None, 4 0           conv2d_33[0][0]                  
__________________________________________________________________________________________________
conv2d_34 (Conv2D)              (None, None, None, 4 260         dense_1[0][0]                    
__________________________________________________________________________________________________
concatenate_31 (Concatenate)    (None, None, None, 3 0           concatenate_30[0][0]             
                                                                 lambda_32[0][0]                  
__________________________________________________________________________________________________
lambda_33 (Lambda)              (None, None, None, 1 0           activation_33[0][0]              
__________________________________________________________________________________________________
activation_34 (Activation)      (None, None, None, 4 0           conv2d_34[0][0]                  
__________________________________________________________________________________________________
conv2d_35 (Conv2D)              (None, None, None, 4 260         dense_1[0][0]                    
__________________________________________________________________________________________________
concatenate_32 (Concatenate)    (None, None, None, 3 0           concatenate_31[0][0]             
                                                                 lambda_33[0][0]                  
__________________________________________________________________________________________________
lambda_34 (Lambda)              (None, None, None, 1 0           activation_34[0][0]              
__________________________________________________________________________________________________
activation_35 (Activation)      (None, None, None, 4 0           conv2d_35[0][0]                  
__________________________________________________________________________________________________
conv2d_36 (Conv2D)              (None, None, None, 4 260         dense_1[0][0]                    
__________________________________________________________________________________________________
concatenate_33 (Concatenate)    (None, None, None, 3 0           concatenate_32[0][0]             
                                                                 lambda_34[0][0]                  
__________________________________________________________________________________________________
lambda_35 (Lambda)              (None, None, None, 1 0           activation_35[0][0]              
__________________________________________________________________________________________________
activation_36 (Activation)      (None, None, None, 4 0           conv2d_36[0][0]                  
__________________________________________________________________________________________________
conv2d_37 (Conv2D)              (None, None, None, 4 260         dense_1[0][0]                    
__________________________________________________________________________________________________
concatenate_34 (Concatenate)    (None, None, None, 3 0           concatenate_33[0][0]             
                                                                 lambda_35[0][0]                  
__________________________________________________________________________________________________
lambda_36 (Lambda)              (None, None, None, 1 0           activation_36[0][0]              
__________________________________________________________________________________________________
activation_37 (Activation)      (None, None, None, 4 0           conv2d_37[0][0]                  
__________________________________________________________________________________________________
conv2d_38 (Conv2D)              (None, None, None, 4 260         dense_1[0][0]                    
__________________________________________________________________________________________________
concatenate_35 (Concatenate)    (None, None, None, 3 0           concatenate_34[0][0]             
                                                                 lambda_36[0][0]                  
__________________________________________________________________________________________________
lambda_37 (Lambda)              (None, None, None, 1 0           activation_37[0][0]              
__________________________________________________________________________________________________
activation_38 (Activation)      (None, None, None, 4 0           conv2d_38[0][0]                  
__________________________________________________________________________________________________
conv2d_39 (Conv2D)              (None, None, None, 4 260         dense_1[0][0]                    
__________________________________________________________________________________________________
concatenate_36 (Concatenate)    (None, None, None, 3 0           concatenate_35[0][0]             
                                                                 lambda_37[0][0]                  
__________________________________________________________________________________________________
lambda_38 (Lambda)              (None, None, None, 1 0           activation_38[0][0]              
__________________________________________________________________________________________________
activation_39 (Activation)      (None, None, None, 4 0           conv2d_39[0][0]                  
__________________________________________________________________________________________________
conv2d_40 (Conv2D)              (None, None, None, 4 260         dense_1[0][0]                    
__________________________________________________________________________________________________
concatenate_37 (Concatenate)    (None, None, None, 3 0           concatenate_36[0][0]             
                                                                 lambda_38[0][0]                  
__________________________________________________________________________________________________
lambda_39 (Lambda)              (None, None, None, 1 0           activation_39[0][0]              
__________________________________________________________________________________________________
activation_40 (Activation)      (None, None, None, 4 0           conv2d_40[0][0]                  
__________________________________________________________________________________________________
conv2d_41 (Conv2D)              (None, None, None, 4 260         dense_1[0][0]                    
__________________________________________________________________________________________________
concatenate_38 (Concatenate)    (None, None, None, 3 0           concatenate_37[0][0]             
                                                                 lambda_39[0][0]                  
__________________________________________________________________________________________________
lambda_40 (Lambda)              (None, None, None, 1 0           activation_40[0][0]              
__________________________________________________________________________________________________
activation_41 (Activation)      (None, None, None, 4 0           conv2d_41[0][0]                  
__________________________________________________________________________________________________
conv2d_42 (Conv2D)              (None, None, None, 4 260         dense_1[0][0]                    
__________________________________________________________________________________________________
concatenate_39 (Concatenate)    (None, None, None, 4 0           concatenate_38[0][0]             
                                                                 lambda_40[0][0]                  
__________________________________________________________________________________________________
lambda_41 (Lambda)              (None, None, None, 1 0           activation_41[0][0]              
__________________________________________________________________________________________________
activation_42 (Activation)      (None, None, None, 4 0           conv2d_42[0][0]                  
__________________________________________________________________________________________________
conv2d_43 (Conv2D)              (None, None, None, 4 260         dense_1[0][0]                    
__________________________________________________________________________________________________
concatenate_40 (Concatenate)    (None, None, None, 4 0           concatenate_39[0][0]             
                                                                 lambda_41[0][0]                  
__________________________________________________________________________________________________
lambda_42 (Lambda)              (None, None, None, 1 0           activation_42[0][0]              
__________________________________________________________________________________________________
activation_43 (Activation)      (None, None, None, 4 0           conv2d_43[0][0]                  
__________________________________________________________________________________________________
conv2d_44 (Conv2D)              (None, None, None, 4 260         dense_1[0][0]                    
__________________________________________________________________________________________________
concatenate_41 (Concatenate)    (None, None, None, 4 0           concatenate_40[0][0]             
                                                                 lambda_42[0][0]                  
__________________________________________________________________________________________________
lambda_43 (Lambda)              (None, None, None, 1 0           activation_43[0][0]              
__________________________________________________________________________________________________
activation_44 (Activation)      (None, None, None, 4 0           conv2d_44[0][0]                  
__________________________________________________________________________________________________
conv2d_45 (Conv2D)              (None, None, None, 4 260         dense_1[0][0]                    
__________________________________________________________________________________________________
concatenate_42 (Concatenate)    (None, None, None, 4 0           concatenate_41[0][0]             
                                                                 lambda_43[0][0]                  
__________________________________________________________________________________________________
lambda_44 (Lambda)              (None, None, None, 1 0           activation_44[0][0]              
__________________________________________________________________________________________________
activation_45 (Activation)      (None, None, None, 4 0           conv2d_45[0][0]                  
__________________________________________________________________________________________________
conv2d_46 (Conv2D)              (None, None, None, 4 260         dense_1[0][0]                    
__________________________________________________________________________________________________
concatenate_43 (Concatenate)    (None, None, None, 4 0           concatenate_42[0][0]             
                                                                 lambda_44[0][0]                  
__________________________________________________________________________________________________
lambda_45 (Lambda)              (None, None, None, 1 0           activation_45[0][0]              
__________________________________________________________________________________________________
activation_46 (Activation)      (None, None, None, 4 0           conv2d_46[0][0]                  
__________________________________________________________________________________________________
conv2d_47 (Conv2D)              (None, None, None, 4 260         dense_1[0][0]                    
__________________________________________________________________________________________________
concatenate_44 (Concatenate)    (None, None, None, 4 0           concatenate_43[0][0]             
                                                                 lambda_45[0][0]                  
__________________________________________________________________________________________________
lambda_46 (Lambda)              (None, None, None, 1 0           activation_46[0][0]              
__________________________________________________________________________________________________
activation_47 (Activation)      (None, None, None, 4 0           conv2d_47[0][0]                  
__________________________________________________________________________________________________
conv2d_48 (Conv2D)              (None, None, None, 4 260         dense_1[0][0]                    
__________________________________________________________________________________________________
concatenate_45 (Concatenate)    (None, None, None, 4 0           concatenate_44[0][0]             
                                                                 lambda_46[0][0]                  
__________________________________________________________________________________________________
lambda_47 (Lambda)              (None, None, None, 1 0           activation_47[0][0]              
__________________________________________________________________________________________________
activation_48 (Activation)      (None, None, None, 4 0           conv2d_48[0][0]                  
__________________________________________________________________________________________________
conv2d_49 (Conv2D)              (None, None, None, 4 260         dense_1[0][0]                    
__________________________________________________________________________________________________
concatenate_46 (Concatenate)    (None, None, None, 4 0           concatenate_45[0][0]             
                                                                 lambda_47[0][0]                  
__________________________________________________________________________________________________
lambda_48 (Lambda)              (None, None, None, 1 0           activation_48[0][0]              
__________________________________________________________________________________________________
activation_49 (Activation)      (None, None, None, 4 0           conv2d_49[0][0]                  
__________________________________________________________________________________________________
conv2d_50 (Conv2D)              (None, None, None, 4 260         dense_1[0][0]                    
__________________________________________________________________________________________________
concatenate_47 (Concatenate)    (None, None, None, 4 0           concatenate_46[0][0]             
                                                                 lambda_48[0][0]                  
__________________________________________________________________________________________________
lambda_49 (Lambda)              (None, None, None, 1 0           activation_49[0][0]              
__________________________________________________________________________________________________
activation_50 (Activation)      (None, None, None, 4 0           conv2d_50[0][0]                  
__________________________________________________________________________________________________
conv2d_51 (Conv2D)              (None, None, None, 4 260         dense_1[0][0]                    
__________________________________________________________________________________________________
concatenate_48 (Concatenate)    (None, None, None, 4 0           concatenate_47[0][0]             
                                                                 lambda_49[0][0]                  
__________________________________________________________________________________________________
lambda_50 (Lambda)              (None, None, None, 1 0           activation_50[0][0]              
__________________________________________________________________________________________________
activation_51 (Activation)      (None, None, None, 4 0           conv2d_51[0][0]                  
__________________________________________________________________________________________________
conv2d_52 (Conv2D)              (None, None, None, 4 260         dense_1[0][0]                    
__________________________________________________________________________________________________
concatenate_49 (Concatenate)    (None, None, None, 5 0           concatenate_48[0][0]             
                                                                 lambda_50[0][0]                  
__________________________________________________________________________________________________
lambda_51 (Lambda)              (None, None, None, 1 0           activation_51[0][0]              
__________________________________________________________________________________________________
activation_52 (Activation)      (None, None, None, 4 0           conv2d_52[0][0]                  
__________________________________________________________________________________________________
conv2d_53 (Conv2D)              (None, None, None, 4 260         dense_1[0][0]                    
__________________________________________________________________________________________________
concatenate_50 (Concatenate)    (None, None, None, 5 0           concatenate_49[0][0]             
                                                                 lambda_51[0][0]                  
__________________________________________________________________________________________________
lambda_52 (Lambda)              (None, None, None, 1 0           activation_52[0][0]              
__________________________________________________________________________________________________
activation_53 (Activation)      (None, None, None, 4 0           conv2d_53[0][0]                  
__________________________________________________________________________________________________
conv2d_54 (Conv2D)              (None, None, None, 4 260         dense_1[0][0]                    
__________________________________________________________________________________________________
concatenate_51 (Concatenate)    (None, None, None, 5 0           concatenate_50[0][0]             
                                                                 lambda_52[0][0]                  
__________________________________________________________________________________________________
lambda_53 (Lambda)              (None, None, None, 1 0           activation_53[0][0]              
__________________________________________________________________________________________________
activation_54 (Activation)      (None, None, None, 4 0           conv2d_54[0][0]                  
__________________________________________________________________________________________________
conv2d_55 (Conv2D)              (None, None, None, 4 260         dense_1[0][0]                    
__________________________________________________________________________________________________
concatenate_52 (Concatenate)    (None, None, None, 5 0           concatenate_51[0][0]             
                                                                 lambda_53[0][0]                  
__________________________________________________________________________________________________
lambda_54 (Lambda)              (None, None, None, 1 0           activation_54[0][0]              
__________________________________________________________________________________________________
activation_55 (Activation)      (None, None, None, 4 0           conv2d_55[0][0]                  
__________________________________________________________________________________________________
conv2d_56 (Conv2D)              (None, None, None, 4 260         dense_1[0][0]                    
__________________________________________________________________________________________________
concatenate_53 (Concatenate)    (None, None, None, 5 0           concatenate_52[0][0]             
                                                                 lambda_54[0][0]                  
__________________________________________________________________________________________________
lambda_55 (Lambda)              (None, None, None, 1 0           activation_55[0][0]              
__________________________________________________________________________________________________
activation_56 (Activation)      (None, None, None, 4 0           conv2d_56[0][0]                  
__________________________________________________________________________________________________
conv2d_57 (Conv2D)              (None, None, None, 4 260         dense_1[0][0]                    
__________________________________________________________________________________________________
concatenate_54 (Concatenate)    (None, None, None, 5 0           concatenate_53[0][0]             
                                                                 lambda_55[0][0]                  
__________________________________________________________________________________________________
lambda_56 (Lambda)              (None, None, None, 1 0           activation_56[0][0]              
__________________________________________________________________________________________________
activation_57 (Activation)      (None, None, None, 4 0           conv2d_57[0][0]                  
__________________________________________________________________________________________________
conv2d_58 (Conv2D)              (None, None, None, 4 260         dense_1[0][0]                    
__________________________________________________________________________________________________
concatenate_55 (Concatenate)    (None, None, None, 5 0           concatenate_54[0][0]             
                                                                 lambda_56[0][0]                  
__________________________________________________________________________________________________
lambda_57 (Lambda)              (None, None, None, 1 0           activation_57[0][0]              
__________________________________________________________________________________________________
activation_58 (Activation)      (None, None, None, 4 0           conv2d_58[0][0]                  
__________________________________________________________________________________________________
conv2d_59 (Conv2D)              (None, None, None, 4 260         dense_1[0][0]                    
__________________________________________________________________________________________________
concatenate_56 (Concatenate)    (None, None, None, 5 0           concatenate_55[0][0]             
                                                                 lambda_57[0][0]                  
__________________________________________________________________________________________________
lambda_58 (Lambda)              (None, None, None, 1 0           activation_58[0][0]              
__________________________________________________________________________________________________
activation_59 (Activation)      (None, None, None, 4 0           conv2d_59[0][0]                  
__________________________________________________________________________________________________
conv2d_60 (Conv2D)              (None, None, None, 4 260         dense_1[0][0]                    
__________________________________________________________________________________________________
concatenate_57 (Concatenate)    (None, None, None, 5 0           concatenate_56[0][0]             
                                                                 lambda_58[0][0]                  
__________________________________________________________________________________________________
lambda_59 (Lambda)              (None, None, None, 1 0           activation_59[0][0]              
__________________________________________________________________________________________________
activation_60 (Activation)      (None, None, None, 4 0           conv2d_60[0][0]                  
__________________________________________________________________________________________________
conv2d_61 (Conv2D)              (None, None, None, 4 260         dense_1[0][0]                    
__________________________________________________________________________________________________
concatenate_58 (Concatenate)    (None, None, None, 5 0           concatenate_57[0][0]             
                                                                 lambda_59[0][0]                  
__________________________________________________________________________________________________
lambda_60 (Lambda)              (None, None, None, 1 0           activation_60[0][0]              
__________________________________________________________________________________________________
activation_61 (Activation)      (None, None, None, 4 0           conv2d_61[0][0]                  
__________________________________________________________________________________________________
conv2d_62 (Conv2D)              (None, None, None, 4 260         dense_1[0][0]                    
__________________________________________________________________________________________________
concatenate_59 (Concatenate)    (None, None, None, 6 0           concatenate_58[0][0]             
                                                                 lambda_60[0][0]                  
__________________________________________________________________________________________________
lambda_61 (Lambda)              (None, None, None, 1 0           activation_61[0][0]              
__________________________________________________________________________________________________
activation_62 (Activation)      (None, None, None, 4 0           conv2d_62[0][0]                  
__________________________________________________________________________________________________
conv2d_63 (Conv2D)              (None, None, None, 4 260         dense_1[0][0]                    
__________________________________________________________________________________________________
concatenate_60 (Concatenate)    (None, None, None, 6 0           concatenate_59[0][0]             
                                                                 lambda_61[0][0]                  
__________________________________________________________________________________________________
lambda_62 (Lambda)              (None, None, None, 1 0           activation_62[0][0]              
__________________________________________________________________________________________________
activation_63 (Activation)      (None, None, None, 4 0           conv2d_63[0][0]                  
__________________________________________________________________________________________________
conv2d_64 (Conv2D)              (None, None, None, 4 260         dense_1[0][0]                    
__________________________________________________________________________________________________
concatenate_61 (Concatenate)    (None, None, None, 6 0           concatenate_60[0][0]             
                                                                 lambda_62[0][0]                  
__________________________________________________________________________________________________
lambda_63 (Lambda)              (None, None, None, 1 0           activation_63[0][0]              
__________________________________________________________________________________________________
activation_64 (Activation)      (None, None, None, 4 0           conv2d_64[0][0]                  
__________________________________________________________________________________________________
concatenate_62 (Concatenate)    (None, None, None, 6 0           concatenate_61[0][0]             
                                                                 lambda_63[0][0]                  
__________________________________________________________________________________________________
lambda_64 (Lambda)              (None, None, None, 1 0           activation_64[0][0]              
__________________________________________________________________________________________________
concatenate_63 (Concatenate)    (None, None, None, 6 0           concatenate_62[0][0]             
                                                                 lambda_64[0][0]                  
__________________________________________________________________________________________________
conv2d_65 (Conv2D)              (None, None, None, 6 200768      concatenate_63[0][0]             
__________________________________________________________________________________________________
instance_normalization_1 (Insta (None, None, None, 6 128         conv2d_65[0][0]                  
__________________________________________________________________________________________________
activation_65 (Activation)      (None, None, None, 6 0           instance_normalization_1[0][0]   
__________________________________________________________________________________________________
conv2d_66 (Conv2D)              (None, None, None, 6 36928       activation_65[0][0]              
__________________________________________________________________________________________________
instance_normalization_2 (Insta (None, None, None, 6 128         conv2d_66[0][0]                  
__________________________________________________________________________________________________
activation_66 (Activation)      (None, None, None, 6 0           instance_normalization_2[0][0]   
__________________________________________________________________________________________________
conv2d_67 (Conv2D)              (None, None, None, 6 36928       activation_66[0][0]              
__________________________________________________________________________________________________
add_1 (Add)                     (None, None, None, 6 0           activation_65[0][0]              
                                                                 conv2d_67[0][0]                  
__________________________________________________________________________________________________
instance_normalization_3 (Insta (None, None, None, 6 128         add_1[0][0]                      
__________________________________________________________________________________________________
activation_67 (Activation)      (None, None, None, 6 0           instance_normalization_3[0][0]   
__________________________________________________________________________________________________
conv2d_68 (Conv2D)              (None, None, None, 6 36928       activation_67[0][0]              
__________________________________________________________________________________________________
instance_normalization_4 (Insta (None, None, None, 6 128         conv2d_68[0][0]                  
__________________________________________________________________________________________________
activation_68 (Activation)      (None, None, None, 6 0           instance_normalization_4[0][0]   
__________________________________________________________________________________________________
conv2d_69 (Conv2D)              (None, None, None, 6 36928       activation_68[0][0]              
__________________________________________________________________________________________________
add_2 (Add)                     (None, None, None, 6 0           add_1[0][0]                      
                                                                 conv2d_69[0][0]                  
__________________________________________________________________________________________________
instance_normalization_5 (Insta (None, None, None, 6 128         add_2[0][0]                      
__________________________________________________________________________________________________
activation_69 (Activation)      (None, None, None, 6 0           instance_normalization_5[0][0]   
__________________________________________________________________________________________________
conv2d_70 (Conv2D)              (None, None, None, 6 36928       activation_69[0][0]              
__________________________________________________________________________________________________
instance_normalization_6 (Insta (None, None, None, 6 128         conv2d_70[0][0]                  
__________________________________________________________________________________________________
activation_70 (Activation)      (None, None, None, 6 0           instance_normalization_6[0][0]   
__________________________________________________________________________________________________
conv2d_71 (Conv2D)              (None, None, None, 6 36928       activation_70[0][0]              
__________________________________________________________________________________________________
add_3 (Add)                     (None, None, None, 6 0           add_2[0][0]                      
                                                                 conv2d_71[0][0]                  
__________________________________________________________________________________________________
instance_normalization_7 (Insta (None, None, None, 6 128         add_3[0][0]                      
__________________________________________________________________________________________________
activation_71 (Activation)      (None, None, None, 6 0           instance_normalization_7[0][0]   
__________________________________________________________________________________________________
conv2d_72 (Conv2D)              (None, None, None, 6 36928       activation_71[0][0]              
__________________________________________________________________________________________________
instance_normalization_8 (Insta (None, None, None, 6 128         conv2d_72[0][0]                  
__________________________________________________________________________________________________
activation_72 (Activation)      (None, None, None, 6 0           instance_normalization_8[0][0]   
__________________________________________________________________________________________________
conv2d_73 (Conv2D)              (None, None, None, 6 36928       activation_72[0][0]              
__________________________________________________________________________________________________
add_4 (Add)                     (None, None, None, 6 0           add_3[0][0]                      
                                                                 conv2d_73[0][0]                  
__________________________________________________________________________________________________
instance_normalization_9 (Insta (None, None, None, 6 128         add_4[0][0]                      
__________________________________________________________________________________________________
activation_73 (Activation)      (None, None, None, 6 0           instance_normalization_9[0][0]   
__________________________________________________________________________________________________
conv2d_74 (Conv2D)              (None, None, None, 6 36928       activation_73[0][0]              
__________________________________________________________________________________________________
instance_normalization_10 (Inst (None, None, None, 6 128         conv2d_74[0][0]                  
__________________________________________________________________________________________________
activation_74 (Activation)      (None, None, None, 6 0           instance_normalization_10[0][0]  
__________________________________________________________________________________________________
conv2d_75 (Conv2D)              (None, None, None, 6 36928       activation_74[0][0]              
__________________________________________________________________________________________________
add_5 (Add)                     (None, None, None, 6 0           add_4[0][0]                      
                                                                 conv2d_75[0][0]                  
__________________________________________________________________________________________________
instance_normalization_11 (Inst (None, None, None, 6 128         add_5[0][0]                      
__________________________________________________________________________________________________
activation_75 (Activation)      (None, None, None, 6 0           instance_normalization_11[0][0]  
__________________________________________________________________________________________________
conv2d_76 (Conv2D)              (None, None, None, 6 36928       activation_75[0][0]              
__________________________________________________________________________________________________
instance_normalization_12 (Inst (None, None, None, 6 128         conv2d_76[0][0]                  
__________________________________________________________________________________________________
activation_76 (Activation)      (None, None, None, 6 0           instance_normalization_12[0][0]  
__________________________________________________________________________________________________
conv2d_77 (Conv2D)              (None, None, None, 6 36928       activation_76[0][0]              
__________________________________________________________________________________________________
add_6 (Add)                     (None, None, None, 6 0           add_5[0][0]                      
                                                                 conv2d_77[0][0]                  
__________________________________________________________________________________________________
instance_normalization_13 (Inst (None, None, None, 6 128         add_6[0][0]                      
__________________________________________________________________________________________________
activation_77 (Activation)      (None, None, None, 6 0           instance_normalization_13[0][0]  
__________________________________________________________________________________________________
conv2d_78 (Conv2D)              (None, None, None, 6 36928       activation_77[0][0]              
__________________________________________________________________________________________________
instance_normalization_14 (Inst (None, None, None, 6 128         conv2d_78[0][0]                  
__________________________________________________________________________________________________
activation_78 (Activation)      (None, None, None, 6 0           instance_normalization_14[0][0]  
__________________________________________________________________________________________________
conv2d_79 (Conv2D)              (None, None, None, 6 36928       activation_78[0][0]              
__________________________________________________________________________________________________
add_7 (Add)                     (None, None, None, 6 0           add_6[0][0]                      
                                                                 conv2d_79[0][0]                  
__________________________________________________________________________________________________
instance_normalization_15 (Inst (None, None, None, 6 128         add_7[0][0]                      
__________________________________________________________________________________________________
activation_79 (Activation)      (None, None, None, 6 0           instance_normalization_15[0][0]  
__________________________________________________________________________________________________
conv2d_80 (Conv2D)              (None, None, None, 6 36928       activation_79[0][0]              
__________________________________________________________________________________________________
instance_normalization_16 (Inst (None, None, None, 6 128         conv2d_80[0][0]                  
__________________________________________________________________________________________________
activation_80 (Activation)      (None, None, None, 6 0           instance_normalization_16[0][0]  
__________________________________________________________________________________________________
conv2d_81 (Conv2D)              (None, None, None, 6 36928       activation_80[0][0]              
__________________________________________________________________________________________________
add_8 (Add)                     (None, None, None, 6 0           add_7[0][0]                      
                                                                 conv2d_81[0][0]                  
__________________________________________________________________________________________________
instance_normalization_17 (Inst (None, None, None, 6 128         add_8[0][0]                      
__________________________________________________________________________________________________
activation_81 (Activation)      (None, None, None, 6 0           instance_normalization_17[0][0]  
__________________________________________________________________________________________________
conv2d_82 (Conv2D)              (None, None, None, 6 36928       activation_81[0][0]              
__________________________________________________________________________________________________
instance_normalization_18 (Inst (None, None, None, 6 128         conv2d_82[0][0]                  
__________________________________________________________________________________________________
activation_82 (Activation)      (None, None, None, 6 0           instance_normalization_18[0][0]  
__________________________________________________________________________________________________
conv2d_83 (Conv2D)              (None, None, None, 6 36928       activation_82[0][0]              
__________________________________________________________________________________________________
add_9 (Add)                     (None, None, None, 6 0           add_8[0][0]                      
                                                                 conv2d_83[0][0]                  
__________________________________________________________________________________________________
instance_normalization_19 (Inst (None, None, None, 6 128         add_9[0][0]                      
__________________________________________________________________________________________________
activation_83 (Activation)      (None, None, None, 6 0           instance_normalization_19[0][0]  
__________________________________________________________________________________________________
conv2d_84 (Conv2D)              (None, None, None, 6 36928       activation_83[0][0]              
__________________________________________________________________________________________________
instance_normalization_20 (Inst (None, None, None, 6 128         conv2d_84[0][0]                  
__________________________________________________________________________________________________
activation_84 (Activation)      (None, None, None, 6 0           instance_normalization_20[0][0]  
__________________________________________________________________________________________________
conv2d_85 (Conv2D)              (None, None, None, 6 36928       activation_84[0][0]              
__________________________________________________________________________________________________
add_10 (Add)                    (None, None, None, 6 0           add_9[0][0]                      
                                                                 conv2d_85[0][0]                  
__________________________________________________________________________________________________
instance_normalization_21 (Inst (None, None, None, 6 128         add_10[0][0]                     
__________________________________________________________________________________________________
activation_85 (Activation)      (None, None, None, 6 0           instance_normalization_21[0][0]  
__________________________________________________________________________________________________
conv2d_86 (Conv2D)              (None, None, None, 6 36928       activation_85[0][0]              
__________________________________________________________________________________________________
instance_normalization_22 (Inst (None, None, None, 6 128         conv2d_86[0][0]                  
__________________________________________________________________________________________________
activation_86 (Activation)      (None, None, None, 6 0           instance_normalization_22[0][0]  
__________________________________________________________________________________________________
conv2d_87 (Conv2D)              (None, None, None, 6 36928       activation_86[0][0]              
__________________________________________________________________________________________________
add_11 (Add)                    (None, None, None, 6 0           add_10[0][0]                     
                                                                 conv2d_87[0][0]                  
__________________________________________________________________________________________________
instance_normalization_23 (Inst (None, None, None, 6 128         add_11[0][0]                     
__________________________________________________________________________________________________
activation_87 (Activation)      (None, None, None, 6 0           instance_normalization_23[0][0]  
__________________________________________________________________________________________________
conv2d_88 (Conv2D)              (None, None, None, 6 36928       activation_87[0][0]              
__________________________________________________________________________________________________
instance_normalization_24 (Inst (None, None, None, 6 128         conv2d_88[0][0]                  
__________________________________________________________________________________________________
activation_88 (Activation)      (None, None, None, 6 0           instance_normalization_24[0][0]  
__________________________________________________________________________________________________
conv2d_89 (Conv2D)              (None, None, None, 6 36928       activation_88[0][0]              
__________________________________________________________________________________________________
add_12 (Add)                    (None, None, None, 6 0           add_11[0][0]                     
                                                                 conv2d_89[0][0]                  
__________________________________________________________________________________________________
instance_normalization_25 (Inst (None, None, None, 6 128         add_12[0][0]                     
__________________________________________________________________________________________________
activation_89 (Activation)      (None, None, None, 6 0           instance_normalization_25[0][0]  
__________________________________________________________________________________________________
conv2d_90 (Conv2D)              (None, None, None, 6 36928       activation_89[0][0]              
__________________________________________________________________________________________________
instance_normalization_26 (Inst (None, None, None, 6 128         conv2d_90[0][0]                  
__________________________________________________________________________________________________
activation_90 (Activation)      (None, None, None, 6 0           instance_normalization_26[0][0]  
__________________________________________________________________________________________________
conv2d_91 (Conv2D)              (None, None, None, 6 36928       activation_90[0][0]              
__________________________________________________________________________________________________
add_13 (Add)                    (None, None, None, 6 0           add_12[0][0]                     
                                                                 conv2d_91[0][0]                  
__________________________________________________________________________________________________
instance_normalization_27 (Inst (None, None, None, 6 128         add_13[0][0]                     
__________________________________________________________________________________________________
activation_91 (Activation)      (None, None, None, 6 0           instance_normalization_27[0][0]  
__________________________________________________________________________________________________
conv2d_92 (Conv2D)              (None, None, None, 6 36928       activation_91[0][0]              
__________________________________________________________________________________________________
instance_normalization_28 (Inst (None, None, None, 6 128         conv2d_92[0][0]                  
__________________________________________________________________________________________________
activation_92 (Activation)      (None, None, None, 6 0           instance_normalization_28[0][0]  
__________________________________________________________________________________________________
conv2d_93 (Conv2D)              (None, None, None, 6 36928       activation_92[0][0]              
__________________________________________________________________________________________________
add_14 (Add)                    (None, None, None, 6 0           add_13[0][0]                     
                                                                 conv2d_93[0][0]                  
__________________________________________________________________________________________________
instance_normalization_29 (Inst (None, None, None, 6 128         add_14[0][0]                     
__________________________________________________________________________________________________
activation_93 (Activation)      (None, None, None, 6 0           instance_normalization_29[0][0]  
__________________________________________________________________________________________________
conv2d_94 (Conv2D)              (None, None, None, 6 36928       activation_93[0][0]              
__________________________________________________________________________________________________
instance_normalization_30 (Inst (None, None, None, 6 128         conv2d_94[0][0]                  
__________________________________________________________________________________________________
activation_94 (Activation)      (None, None, None, 6 0           instance_normalization_30[0][0]  
__________________________________________________________________________________________________
conv2d_95 (Conv2D)              (None, None, None, 6 36928       activation_94[0][0]              
__________________________________________________________________________________________________
add_15 (Add)                    (None, None, None, 6 0           add_14[0][0]                     
                                                                 conv2d_95[0][0]                  
__________________________________________________________________________________________________
instance_normalization_31 (Inst (None, None, None, 6 128         add_15[0][0]                     
__________________________________________________________________________________________________
activation_95 (Activation)      (None, None, None, 6 0           instance_normalization_31[0][0]  
__________________________________________________________________________________________________
conv2d_96 (Conv2D)              (None, None, None, 6 36928       activation_95[0][0]              
__________________________________________________________________________________________________
instance_normalization_32 (Inst (None, None, None, 6 128         conv2d_96[0][0]                  
__________________________________________________________________________________________________
activation_96 (Activation)      (None, None, None, 6 0           instance_normalization_32[0][0]  
__________________________________________________________________________________________________
conv2d_97 (Conv2D)              (None, None, None, 6 36928       activation_96[0][0]              
__________________________________________________________________________________________________
add_16 (Add)                    (None, None, None, 6 0           add_15[0][0]                     
                                                                 conv2d_97[0][0]                  
__________________________________________________________________________________________________
instance_normalization_33 (Inst (None, None, None, 6 128         add_16[0][0]                     
__________________________________________________________________________________________________
activation_97 (Activation)      (None, None, None, 6 0           instance_normalization_33[0][0]  
__________________________________________________________________________________________________
conv2d_98 (Conv2D)              (None, None, None, 1 65          activation_97[0][0]              
__________________________________________________________________________________________________
batch_normalization_1 (BatchNor (None, None, None, 1 4           conv2d_98[0][0]                  
__________________________________________________________________________________________________
activation_98 (Activation)      (None, None, None, 1 0           batch_normalization_1[0][0]      
==================================================================================================
Total params: 1,431,685
Trainable params: 1,431,683
Non-trainable params: 2
__________________________________________________________________________________________________
######## Setting initial weights
Setting predict_method to  real_dist
Setting loss function to  mean_squared_error
Total Number of Training dataset =  120

############ Running epoch  0
Epoch 1/1

  1/120 [..............................] - ETA: 39:40 - loss: 1083.0258 - acc: 0.0375
  2/120 [..............................] - ETA: 19:59 - loss: 829.2859 - acc: 0.0212 
  3/120 [..............................] - ETA: 13:30 - loss: 728.3914 - acc: 0.0153
  4/120 [>.............................] - ETA: 10:22 - loss: 633.5178 - acc: 0.0461
  5/120 [>.............................] - ETA: 8:22 - loss: 547.5608 - acc: 0.0604 
  6/120 [>.............................] - ETA: 7:09 - loss: 518.7923 - acc: 0.0605
  7/120 [>.............................] - ETA: 6:15 - loss: 544.1290 - acc: 0.0524
  8/120 [=>............................] - ETA: 5:32 - loss: 535.5519 - acc: 0.0503
  9/120 [=>............................] - ETA: 5:01 - loss: 555.3061 - acc: 0.0464
 10/120 [=>............................] - ETA: 4:35 - loss: 532.3754 - acc: 0.0465
 11/120 [=>............................] - ETA: 4:16 - loss: 523.9595 - acc: 0.0488
 12/120 [==>...........................] - ETA: 3:59 - loss: 520.8735 - acc: 0.0514
 13/120 [==>...........................] - ETA: 3:41 - loss: 494.9993 - acc: 0.0486
 14/120 [==>...........................] - ETA: 3:27 - loss: 493.4331 - acc: 0.0456
 15/120 [==>...........................] - ETA: 3:17 - loss: 495.2051 - acc: 0.0428
 16/120 [===>..........................] - ETA: 3:06 - loss: 489.2122 - acc: 0.0426
 17/120 [===>..........................] - ETA: 2:56 - loss: 483.7600 - acc: 0.0406
 18/120 [===>..........................] - ETA: 2:46 - loss: 495.3101 - acc: 0.0403
 19/120 [===>..........................] - ETA: 2:40 - loss: 503.3318 - acc: 0.0385
 20/120 [====>.........................] - ETA: 2:32 - loss: 509.2336 - acc: 0.0368
 21/120 [====>.........................] - ETA: 2:27 - loss: 499.2382 - acc: 0.0353
 22/120 [====>.........................] - ETA: 2:22 - loss: 497.9159 - acc: 0.0339
 23/120 [====>.........................] - ETA: 2:17 - loss: 485.2282 - acc: 0.0375
 24/120 [=====>........................] - ETA: 2:11 - loss: 472.0139 - acc: 0.0364
 25/120 [=====>........................] - ETA: 2:05 - loss: 468.2283 - acc: 0.0368
 26/120 [=====>........................] - ETA: 2:01 - loss: 467.9893 - acc: 0.0386
 27/120 [=====>........................] - ETA: 1:56 - loss: 464.5684 - acc: 0.0374
 28/120 [======>.......................] - ETA: 1:52 - loss: 459.0058 - acc: 0.0377
 29/120 [======>.......................] - ETA: 1:48 - loss: 463.8788 - acc: 0.0368
 30/120 [======>.......................] - ETA: 1:46 - loss: 464.3375 - acc: 0.0357
 31/120 [======>.......................] - ETA: 1:42 - loss: 455.7953 - acc: 0.0350
 32/120 [=======>......................] - ETA: 1:39 - loss: 447.4207 - acc: 0.0342
 33/120 [=======>......................] - ETA: 1:35 - loss: 444.4973 - acc: 0.0334
 34/120 [=======>......................] - ETA: 1:33 - loss: 439.8181 - acc: 0.0328
 35/120 [=======>......................] - ETA: 1:30 - loss: 435.5604 - acc: 0.0321
 36/120 [========>.....................] - ETA: 1:27 - loss: 426.1211 - acc: 0.0317
 37/120 [========>.....................] - ETA: 1:24 - loss: 419.6391 - acc: 0.0311
 38/120 [========>.....................] - ETA: 1:22 - loss: 414.8298 - acc: 0.0305
 39/120 [========>.....................] - ETA: 1:20 - loss: 416.3231 - acc: 0.0298
 40/120 [=========>....................] - ETA: 1:18 - loss: 414.4101 - acc: 0.0293
 41/120 [=========>....................] - ETA: 1:15 - loss: 408.3372 - acc: 0.0288
 42/120 [=========>....................] - ETA: 1:14 - loss: 405.4383 - acc: 0.0294
 43/120 [=========>....................] - ETA: 1:13 - loss: 403.9511 - acc: 0.0293
 44/120 [==========>...................] - ETA: 1:11 - loss: 398.4253 - acc: 0.0294
 45/120 [==========>...................] - ETA: 1:09 - loss: 400.6434 - acc: 0.0298
 46/120 [==========>...................] - ETA: 1:08 - loss: 397.6964 - acc: 0.0293
 47/120 [==========>...................] - ETA: 1:07 - loss: 397.3304 - acc: 0.0287
 48/120 [===========>..................] - ETA: 1:05 - loss: 394.4953 - acc: 0.0286
 49/120 [===========>..................] - ETA: 1:03 - loss: 389.5869 - acc: 0.0282
 50/120 [===========>..................] - ETA: 1:02 - loss: 385.1221 - acc: 0.0282
 51/120 [===========>..................] - ETA: 1:00 - loss: 383.8033 - acc: 0.0279
 52/120 [============>.................] - ETA: 59s - loss: 386.5431 - acc: 0.0278 
 53/120 [============>.................] - ETA: 58s - loss: 386.6750 - acc: 0.0274
 54/120 [============>.................] - ETA: 57s - loss: 385.2400 - acc: 0.0271
 55/120 [============>.................] - ETA: 56s - loss: 383.6184 - acc: 0.0267
 56/120 [=============>................] - ETA: 54s - loss: 379.2324 - acc: 0.0264
 57/120 [=============>................] - ETA: 54s - loss: 379.5193 - acc: 0.0262
 58/120 [=============>................] - ETA: 52s - loss: 376.3119 - acc: 0.0259
 59/120 [=============>................] - ETA: 51s - loss: 373.4683 - acc: 0.0258
 60/120 [==============>...............] - ETA: 50s - loss: 374.8341 - acc: 0.0256
 61/120 [==============>...............] - ETA: 49s - loss: 373.8490 - acc: 0.0258
 62/120 [==============>...............] - ETA: 47s - loss: 369.5425 - acc: 0.0255
 63/120 [==============>...............] - ETA: 46s - loss: 364.7914 - acc: 0.0254
 64/120 [===============>..............] - ETA: 45s - loss: 362.4548 - acc: 0.0264
 65/120 [===============>..............] - ETA: 44s - loss: 360.5762 - acc: 0.0261
 66/120 [===============>..............] - ETA: 43s - loss: 359.7533 - acc: 0.0260
 67/120 [===============>..............] - ETA: 42s - loss: 359.1625 - acc: 0.0260
 68/120 [================>.............] - ETA: 41s - loss: 363.5774 - acc: 0.0263
 69/120 [================>.............] - ETA: 40s - loss: 361.0883 - acc: 0.0260
 70/120 [================>.............] - ETA: 39s - loss: 357.9572 - acc: 0.0258
 71/120 [================>.............] - ETA: 38s - loss: 355.9004 - acc: 0.0257
 72/120 [=================>............] - ETA: 37s - loss: 356.1620 - acc: 0.0256
 73/120 [=================>............] - ETA: 36s - loss: 354.0859 - acc: 0.0253
 74/120 [=================>............] - ETA: 35s - loss: 355.4493 - acc: 0.0252
 75/120 [=================>............] - ETA: 34s - loss: 352.7299 - acc: 0.0258
 76/120 [==================>...........] - ETA: 33s - loss: 350.9647 - acc: 0.0258
 77/120 [==================>...........] - ETA: 32s - loss: 348.6906 - acc: 0.0256
 78/120 [==================>...........] - ETA: 31s - loss: 345.7506 - acc: 0.0257
 79/120 [==================>...........] - ETA: 30s - loss: 343.1178 - acc: 0.0258
 80/120 [===================>..........] - ETA: 29s - loss: 340.5209 - acc: 0.0257
 81/120 [===================>..........] - ETA: 29s - loss: 339.0851 - acc: 0.0254
 82/120 [===================>..........] - ETA: 28s - loss: 336.6911 - acc: 0.0252
 83/120 [===================>..........] - ETA: 27s - loss: 336.1001 - acc: 0.0250
 84/120 [====================>.........] - ETA: 26s - loss: 334.7708 - acc: 0.0248
 85/120 [====================>.........] - ETA: 25s - loss: 333.5948 - acc: 0.0248
 86/120 [====================>.........] - ETA: 24s - loss: 330.2113 - acc: 0.0246
 87/120 [====================>.........] - ETA: 23s - loss: 328.8355 - acc: 0.0244
 88/120 [=====================>........] - ETA: 22s - loss: 325.5680 - acc: 0.0243
 89/120 [=====================>........] - ETA: 22s - loss: 326.1530 - acc: 0.0242
 90/120 [=====================>........] - ETA: 21s - loss: 328.8608 - acc: 0.0241
 91/120 [=====================>........] - ETA: 20s - loss: 326.1007 - acc: 0.0240
 92/120 [======================>.......] - ETA: 19s - loss: 324.2062 - acc: 0.0238
 93/120 [======================>.......] - ETA: 18s - loss: 323.2786 - acc: 0.0237
 94/120 [======================>.......] - ETA: 18s - loss: 322.1200 - acc: 0.0239
 95/120 [======================>.......] - ETA: 17s - loss: 319.7097 - acc: 0.0244
 96/120 [=======================>......] - ETA: 16s - loss: 318.2974 - acc: 0.0244
 97/120 [=======================>......] - ETA: 15s - loss: 316.0434 - acc: 0.0244
 98/120 [=======================>......] - ETA: 14s - loss: 313.7750 - acc: 0.0243
 99/120 [=======================>......] - ETA: 14s - loss: 311.9734 - acc: 0.0243
100/120 [========================>.....] - ETA: 13s - loss: 311.2707 - acc: 0.0242
101/120 [========================>.....] - ETA: 12s - loss: 309.7895 - acc: 0.0240
102/120 [========================>.....] - ETA: 12s - loss: 308.0464 - acc: 0.0241
103/120 [========================>.....] - ETA: 11s - loss: 306.6792 - acc: 0.0239
104/120 [=========================>....] - ETA: 10s - loss: 304.4279 - acc: 0.0238
105/120 [=========================>....] - ETA: 9s - loss: 303.1991 - acc: 0.0239 
106/120 [=========================>....] - ETA: 9s - loss: 301.9974 - acc: 0.0238
107/120 [=========================>....] - ETA: 8s - loss: 300.8857 - acc: 0.0236
108/120 [==========================>...] - ETA: 7s - loss: 300.6767 - acc: 0.0235
109/120 [==========================>...] - ETA: 7s - loss: 301.1008 - acc: 0.0234
110/120 [==========================>...] - ETA: 6s - loss: 298.6917 - acc: 0.0233
111/120 [==========================>...] - ETA: 5s - loss: 298.2579 - acc: 0.0232
112/120 [===========================>..] - ETA: 5s - loss: 297.2806 - acc: 0.0230
113/120 [===========================>..] - ETA: 4s - loss: 295.8962 - acc: 0.0229
114/120 [===========================>..] - ETA: 3s - loss: 294.0077 - acc: 0.0227
115/120 [===========================>..] - ETA: 3s - loss: 294.0588 - acc: 0.0226
116/120 [============================>.] - ETA: 2s - loss: 293.3581 - acc: 0.0225
117/120 [============================>.] - ETA: 1s - loss: 291.3358 - acc: 0.0224
118/120 [============================>.] - ETA: 1s - loss: 290.6750 - acc: 0.0222
119/120 [============================>.] - ETA: 0s - loss: 289.3709 - acc: 0.0221
120/120 [==============================] - 160s 1s/step - loss: 287.6774 - acc: 0.0220 - val_loss: 114.3419 - val_acc: 0.0079
Now evaluate for epoch  0
slurmstepd: error: *** JOB 9936430 ON lewis4-r740xd-gpu4-node887 CANCELLED AT 2019-03-03T00:10:04 ***
